==1264== Memcheck, a memory error detector
==1264== Copyright (C) 2002-2012, and GNU GPL'd, by Julian Seward et al.
==1264== Using Valgrind-3.8.1 and LibVEX; rerun with -h for copyright info
==1264== Command: main inputs/test1.txt
==1264== Parent PID: 1263
==1264== 
--1264-- 
--1264-- Valgrind options:
--1264--    --tool=memcheck
--1264--    --verbose
--1264--    --log-file=./valgrind.log
--1264-- Contents of /proc/version:
--1264--   Linux version 2.6.32-754.3.5.el6.x86_64 (mockbuild@x86-042.build.eng.bos.redhat.com) (gcc version 4.4.7 20120313 (Red Hat 4.4.7-23) (GCC) ) #1 SMP Thu Aug 9 11:56:22 EDT 2018
--1264-- Arch and hwcaps: AMD64, amd64-sse3-cx16-lzcnt-avx2-bmi
--1264-- Page sizes: currently 4096, max supported 4096
--1264-- Valgrind library directory: /usr/lib64/valgrind
--1264-- Reading syms from /home/shay/a/jgeiss/ece264/2018FallProblems/HW13/main
--1264-- Reading syms from /usr/lib64/valgrind/memcheck-amd64-linux
--1264--    object doesn't have a dynamic symbol table
--1264-- Reading syms from /lib64/ld-2.12.so
--1264--   Considering /usr/lib/debug/.build-id/1c/c2165e019d43f71fde0a47af9f4c8eb5e51963.debug ..
--1264--   .. build-id is valid
--1264-- Scheduler: using generic scheduler lock implementation.
--1264-- Reading suppressions file: /usr/lib64/valgrind/default.supp
==1264== embedded gdbserver: reading from /tmp/vgdb-pipe-from-vgdb-to-1264-by-jgeiss-on-ecegrid-thin7.ecn.purdue.edu
==1264== embedded gdbserver: writing to   /tmp/vgdb-pipe-to-vgdb-from-1264-by-jgeiss-on-ecegrid-thin7.ecn.purdue.edu
==1264== embedded gdbserver: shared mem   /tmp/vgdb-pipe-shared-mem-vgdb-1264-by-jgeiss-on-ecegrid-thin7.ecn.purdue.edu
==1264== 
==1264== TO CONTROL THIS PROCESS USING vgdb (which you probably
==1264== don't want to do, unless you know exactly what you're doing,
==1264== or are doing some strange experiment):
==1264==   /usr/lib64/valgrind/../../bin/vgdb --pid=1264 ...command...
==1264== 
==1264== TO DEBUG THIS PROCESS USING GDB: start GDB like this
==1264==   /path/to/gdb main
==1264== and then give GDB the following command
==1264==   target remote | /usr/lib64/valgrind/../../bin/vgdb --pid=1264
==1264== --pid is optional if only one valgrind process is running
==1264== 
--1264-- REDIR: 0x33bc217f90 (strlen) redirected to 0x38049551 (vgPlain_amd64_linux_REDIR_FOR_strlen)
--1264-- Reading syms from /usr/lib64/valgrind/vgpreload_core-amd64-linux.so
--1264-- Reading syms from /usr/lib64/valgrind/vgpreload_memcheck-amd64-linux.so
--1264-- REDIR: 0x33bc217da0 (index) redirected to 0x4a07c30 (index)
--1264-- REDIR: 0x33bc217e20 (strcmp) redirected to 0x4a08570 (strcmp)
--1264-- Reading syms from /lib64/libc-2.12.so
--1264--   Considering /usr/lib/debug/.build-id/8e/3aace76351b6a83390ca065e904eb82fbd1ec7.debug ..
--1264--   .. build-id is valid
--1264-- REDIR: 0x33bc684d10 (strcasecmp) redirected to 0x480155c (_vgnU_ifunc_wrapper)
--1264-- REDIR: 0x33bc686fd0 (strncasecmp) redirected to 0x480155c (_vgnU_ifunc_wrapper)
--1264-- REDIR: 0x33bc682c80 (__GI_strrchr) redirected to 0x4a07ab0 (__GI_strrchr)
--1264-- REDIR: 0x33bc67aa50 (malloc) redirected to 0x4a069ac (malloc)
--1264-- REDIR: 0x33bc68ab30 (strchrnul) redirected to 0x4a09fb0 (strchrnul)
--1264-- REDIR: 0x33bc67b8b0 (free) redirected to 0x4a063a9 (free)
==1264== 
==1264== HEAP SUMMARY:
==1264==     in use at exit: 0 bytes in 0 blocks
==1264==   total heap usage: 17 allocs, 17 frees, 868 bytes allocated
==1264== 
==1264== All heap blocks were freed -- no leaks are possible
==1264== 
==1264== ERROR SUMMARY: 0 errors from 0 contexts (suppressed: 8 from 6)
--1264-- 
--1264-- used_suppression:      4 U1004-ARM-_dl_relocate_object
--1264-- used_suppression:      4 glibc-2.5.x-on-SUSE-10.2-(PPC)-2a
==1264== 
==1264== ERROR SUMMARY: 0 errors from 0 contexts (suppressed: 8 from 6)
